2024-05-27 18:45:31.013 +07:00 [DBG] Registered model binder providers, in the following order: ["Microsoft.AspNetCore.Mvc.ModelBinding.Binders.BinderTypeModelBinderProvider","Microsoft.AspNetCore.Mvc.ModelBinding.Binders.ServicesModelBinderProvider","Microsoft.AspNetCore.Mvc.ModelBinding.Binders.BodyModelBinderProvider","Microsoft.AspNetCore.Mvc.ModelBinding.Binders.HeaderModelBinderProvider","Microsoft.AspNetCore.Mvc.ModelBinding.Binders.FloatingPointTypeModelBinderProvider","Microsoft.AspNetCore.Mvc.ModelBinding.Binders.EnumTypeModelBinderProvider","Microsoft.AspNetCore.Mvc.ModelBinding.Binders.DateTimeModelBinderProvider","Microsoft.AspNetCore.Mvc.ModelBinding.Binders.SimpleTypeModelBinderProvider","Microsoft.AspNetCore.Mvc.ModelBinding.Binders.TryParseModelBinderProvider","Microsoft.AspNetCore.Mvc.ModelBinding.Binders.CancellationTokenModelBinderProvider","Microsoft.AspNetCore.Mvc.ModelBinding.Binders.ByteArrayModelBinderProvider","Microsoft.AspNetCore.Mvc.ModelBinding.Binders.FormFileModelBinderProvider","Microsoft.AspNetCore.Mvc.ModelBinding.Binders.FormCollectionModelBinderProvider","Microsoft.AspNetCore.Mvc.ModelBinding.Binders.KeyValuePairModelBinderProvider","Microsoft.AspNetCore.Mvc.ModelBinding.Binders.DictionaryModelBinderProvider","Microsoft.AspNetCore.Mvc.ModelBinding.Binders.ArrayModelBinderProvider","Microsoft.AspNetCore.Mvc.ModelBinding.Binders.CollectionModelBinderProvider","Microsoft.AspNetCore.Mvc.ModelBinding.Binders.ComplexObjectModelBinderProvider"]
2024-05-27 18:45:31.075 +07:00 [DBG] Hosting starting
2024-05-27 18:45:31.097 +07:00 [INF] Now listening on: http://localhost:5245
2024-05-27 18:45:31.097 +07:00 [DBG] Loaded hosting startup assembly BaseDotnet
2024-05-27 18:45:31.097 +07:00 [INF] Application started. Press Ctrl+C to shut down.
2024-05-27 18:45:31.097 +07:00 [INF] Hosting environment: Development
2024-05-27 18:45:31.097 +07:00 [INF] Content root path: /Users/reihanrenaldi/Documents/ReihanSigma/projects/DOTNET/BaseDotnet
2024-05-27 18:45:31.097 +07:00 [DBG] Hosting started
2024-05-27 18:45:45.930 +07:00 [DBG] Connection id "0HN3U8A5TS773" accepted.
2024-05-27 18:45:45.930 +07:00 [DBG] Connection id "0HN3U8A5TS773" started.
2024-05-27 18:45:45.951 +07:00 [INF] Request starting HTTP/1.1 GET http://localhost:5245/ - null null
2024-05-27 18:45:45.954 +07:00 [DBG] Wildcard detected, all requests with hosts will be allowed.
2024-05-27 18:45:45.960 +07:00 [DBG] No candidates found for the request path '/'
2024-05-27 18:45:45.960 +07:00 [DBG] Request did not match any endpoints
2024-05-27 18:45:45.967 +07:00 [DBG] The request path  does not match the path filter
2024-05-27 18:45:45.967 +07:00 [WRN] Failed to determine the https port for redirect.
2024-05-27 18:45:46.011 +07:00 [DBG] An 'IServiceProvider' was created for internal use by Entity Framework.
2024-05-27 18:45:46.019 +07:00 [INF] [null]
2024-05-27 18:45:46.021 +07:00 [DBG] Connection id "0HN3U8A5TS773" completed keep alive response.
2024-05-27 18:45:46.022 +07:00 [INF] Request finished HTTP/1.1 GET http://localhost:5245/ - 404 0 null 71.0144ms
2024-05-27 18:45:46.023 +07:00 [INF] Request reached the end of the middleware pipeline without being handled by application code. Request path: GET http://localhost:5245/, Response status code: 404
2024-05-27 18:45:46.032 +07:00 [INF] Request starting HTTP/1.1 GET http://localhost:5245/favicon.ico - null null
2024-05-27 18:45:46.033 +07:00 [DBG] No candidates found for the request path '/favicon.ico'
2024-05-27 18:45:46.034 +07:00 [DBG] Request did not match any endpoints
2024-05-27 18:45:46.034 +07:00 [DBG] The request path  does not match the path filter
2024-05-27 18:45:46.037 +07:00 [INF] [null]
2024-05-27 18:45:46.037 +07:00 [DBG] Connection id "0HN3U8A5TS773" completed keep alive response.
2024-05-27 18:45:46.037 +07:00 [INF] Request finished HTTP/1.1 GET http://localhost:5245/favicon.ico - 404 0 null 4.8967ms
2024-05-27 18:45:46.037 +07:00 [INF] Request reached the end of the middleware pipeline without being handled by application code. Request path: GET http://localhost:5245/favicon.ico, Response status code: 404
2024-05-27 18:45:53.414 +07:00 [INF] Request starting HTTP/1.1 GET http://localhost:5245/swagger - null null
2024-05-27 18:45:53.416 +07:00 [DBG] No candidates found for the request path '/swagger'
2024-05-27 18:45:53.417 +07:00 [DBG] Request did not match any endpoints
2024-05-27 18:45:53.419 +07:00 [DBG] Connection id "0HN3U8A5TS773" completed keep alive response.
2024-05-27 18:45:53.419 +07:00 [INF] Request finished HTTP/1.1 GET http://localhost:5245/swagger - 301 0 null 5.5085ms
2024-05-27 18:45:53.428 +07:00 [INF] Request starting HTTP/1.1 GET http://localhost:5245/swagger/index.html - null null
2024-05-27 18:45:53.429 +07:00 [DBG] No candidates found for the request path '/swagger/index.html'
2024-05-27 18:45:53.429 +07:00 [DBG] Request did not match any endpoints
2024-05-27 18:45:53.492 +07:00 [DBG] Connection id "0HN3U8A5TS773" completed keep alive response.
2024-05-27 18:45:53.492 +07:00 [INF] Request finished HTTP/1.1 GET http://localhost:5245/swagger/index.html - 200 null text/html;charset=utf-8 64.0036ms
2024-05-27 18:45:53.497 +07:00 [INF] Request starting HTTP/1.1 GET http://localhost:5245/swagger/swagger-ui.css - null null
2024-05-27 18:45:53.497 +07:00 [DBG] No candidates found for the request path '/swagger/swagger-ui.css'
2024-05-27 18:45:53.498 +07:00 [DBG] Request did not match any endpoints
2024-05-27 18:45:53.498 +07:00 [DBG] Connection id "0HN3U8A5TS774" accepted.
2024-05-27 18:45:53.499 +07:00 [DBG] Connection id "0HN3U8A5TS774" started.
2024-05-27 18:45:53.499 +07:00 [DBG] Connection id "0HN3U8A5TS775" accepted.
2024-05-27 18:45:53.499 +07:00 [DBG] Connection id "0HN3U8A5TS775" started.
2024-05-27 18:45:53.499 +07:00 [INF] Request starting HTTP/1.1 GET http://localhost:5245/swagger/swagger-ui-bundle.js - null null
2024-05-27 18:45:53.499 +07:00 [DBG] No candidates found for the request path '/swagger/swagger-ui-bundle.js'
2024-05-27 18:45:53.499 +07:00 [DBG] Request did not match any endpoints
2024-05-27 18:45:53.499 +07:00 [INF] Request starting HTTP/1.1 GET http://localhost:5245/swagger/swagger-ui-standalone-preset.js - null null
2024-05-27 18:45:53.499 +07:00 [DBG] No candidates found for the request path '/swagger/swagger-ui-standalone-preset.js'
2024-05-27 18:45:53.499 +07:00 [DBG] Request did not match any endpoints
2024-05-27 18:45:53.509 +07:00 [INF] Sending file. Request path: '/swagger-ui.css'. Physical path: 'N/A'
2024-05-27 18:45:53.509 +07:00 [INF] Sending file. Request path: '/swagger-ui-standalone-preset.js'. Physical path: 'N/A'
2024-05-27 18:45:53.509 +07:00 [INF] Sending file. Request path: '/swagger-ui-bundle.js'. Physical path: 'N/A'
2024-05-27 18:45:53.510 +07:00 [DBG] Connection id "0HN3U8A5TS774" completed keep alive response.
2024-05-27 18:45:53.510 +07:00 [DBG] Connection id "0HN3U8A5TS773" completed keep alive response.
2024-05-27 18:45:53.510 +07:00 [DBG] Connection id "0HN3U8A5TS775" completed keep alive response.
2024-05-27 18:45:53.510 +07:00 [INF] Request finished HTTP/1.1 GET http://localhost:5245/swagger/swagger-ui-bundle.js - 200 1096145 text/javascript 11.0205ms
2024-05-27 18:45:53.510 +07:00 [INF] Request finished HTTP/1.1 GET http://localhost:5245/swagger/swagger-ui.css - 200 143943 text/css 13.4362ms
2024-05-27 18:45:53.511 +07:00 [INF] Request finished HTTP/1.1 GET http://localhost:5245/swagger/swagger-ui-standalone-preset.js - 200 339486 text/javascript 10.9985ms
2024-05-27 18:45:53.612 +07:00 [INF] Request starting HTTP/1.1 GET http://localhost:5245/swagger/v1/swagger.json - null null
2024-05-27 18:45:53.613 +07:00 [DBG] No candidates found for the request path '/swagger/v1/swagger.json'
2024-05-27 18:45:53.613 +07:00 [DBG] Request did not match any endpoints
2024-05-27 18:45:53.615 +07:00 [INF] Request starting HTTP/1.1 GET http://localhost:5245/swagger/favicon-32x32.png - null null
2024-05-27 18:45:53.615 +07:00 [INF] Request starting HTTP/1.1 GET http://localhost:5245/swagger/favicon-16x16.png - null null
2024-05-27 18:45:53.616 +07:00 [DBG] No candidates found for the request path '/swagger/favicon-32x32.png'
2024-05-27 18:45:53.616 +07:00 [DBG] No candidates found for the request path '/swagger/favicon-16x16.png'
2024-05-27 18:45:53.616 +07:00 [DBG] Request did not match any endpoints
2024-05-27 18:45:53.616 +07:00 [DBG] Request did not match any endpoints
2024-05-27 18:45:53.616 +07:00 [INF] Sending file. Request path: '/favicon-16x16.png'. Physical path: 'N/A'
2024-05-27 18:45:53.616 +07:00 [DBG] Connection id "0HN3U8A5TS775" completed keep alive response.
2024-05-27 18:45:53.616 +07:00 [INF] Request finished HTTP/1.1 GET http://localhost:5245/swagger/favicon-16x16.png - 200 665 image/png 1.0037ms
2024-05-27 18:45:53.617 +07:00 [INF] Sending file. Request path: '/favicon-32x32.png'. Physical path: 'N/A'
2024-05-27 18:45:53.617 +07:00 [DBG] Connection id "0HN3U8A5TS774" completed keep alive response.
2024-05-27 18:45:53.617 +07:00 [INF] Request finished HTTP/1.1 GET http://localhost:5245/swagger/favicon-32x32.png - 200 628 image/png 1.8582ms
2024-05-27 18:45:53.660 +07:00 [DBG] Connection id "0HN3U8A5TS773" completed keep alive response.
2024-05-27 18:45:53.660 +07:00 [INF] Request finished HTTP/1.1 GET http://localhost:5245/swagger/v1/swagger.json - 200 null application/json;charset=utf-8 48.0444ms
2024-05-27 18:46:31.241 +07:00 [DBG] Connection id "0HN3U8A5TS774" received FIN.
2024-05-27 18:46:31.241 +07:00 [DBG] Connection id "0HN3U8A5TS775" received FIN.
2024-05-27 18:46:31.241 +07:00 [DBG] Connection id "0HN3U8A5TS773" received FIN.
2024-05-27 18:46:31.243 +07:00 [DBG] Connection id "0HN3U8A5TS774" sending FIN because: "The Socket transport's send loop completed gracefully."
2024-05-27 18:46:31.244 +07:00 [DBG] Connection id "0HN3U8A5TS775" sending FIN because: "The Socket transport's send loop completed gracefully."
2024-05-27 18:46:31.244 +07:00 [DBG] Connection id "0HN3U8A5TS773" disconnecting.
2024-05-27 18:46:31.244 +07:00 [DBG] Connection id "0HN3U8A5TS773" sending FIN because: "The Socket transport's send loop completed gracefully."
2024-05-27 18:46:31.250 +07:00 [DBG] Connection id "0HN3U8A5TS774" disconnecting.
2024-05-27 18:46:31.250 +07:00 [DBG] Connection id "0HN3U8A5TS775" disconnecting.
2024-05-27 18:46:31.251 +07:00 [DBG] Connection id "0HN3U8A5TS775" stopped.
2024-05-27 18:46:31.251 +07:00 [DBG] Connection id "0HN3U8A5TS773" stopped.
2024-05-27 18:46:31.251 +07:00 [DBG] Connection id "0HN3U8A5TS774" stopped.
2024-05-27 21:24:54.014 +07:00 [DBG] Registered model binder providers, in the following order: ["Microsoft.AspNetCore.Mvc.ModelBinding.Binders.BinderTypeModelBinderProvider","Microsoft.AspNetCore.Mvc.ModelBinding.Binders.ServicesModelBinderProvider","Microsoft.AspNetCore.Mvc.ModelBinding.Binders.BodyModelBinderProvider","Microsoft.AspNetCore.Mvc.ModelBinding.Binders.HeaderModelBinderProvider","Microsoft.AspNetCore.Mvc.ModelBinding.Binders.FloatingPointTypeModelBinderProvider","Microsoft.AspNetCore.Mvc.ModelBinding.Binders.EnumTypeModelBinderProvider","Microsoft.AspNetCore.Mvc.ModelBinding.Binders.DateTimeModelBinderProvider","Microsoft.AspNetCore.Mvc.ModelBinding.Binders.SimpleTypeModelBinderProvider","Microsoft.AspNetCore.Mvc.ModelBinding.Binders.TryParseModelBinderProvider","Microsoft.AspNetCore.Mvc.ModelBinding.Binders.CancellationTokenModelBinderProvider","Microsoft.AspNetCore.Mvc.ModelBinding.Binders.ByteArrayModelBinderProvider","Microsoft.AspNetCore.Mvc.ModelBinding.Binders.FormFileModelBinderProvider","Microsoft.AspNetCore.Mvc.ModelBinding.Binders.FormCollectionModelBinderProvider","Microsoft.AspNetCore.Mvc.ModelBinding.Binders.KeyValuePairModelBinderProvider","Microsoft.AspNetCore.Mvc.ModelBinding.Binders.DictionaryModelBinderProvider","Microsoft.AspNetCore.Mvc.ModelBinding.Binders.ArrayModelBinderProvider","Microsoft.AspNetCore.Mvc.ModelBinding.Binders.CollectionModelBinderProvider","Microsoft.AspNetCore.Mvc.ModelBinding.Binders.ComplexObjectModelBinderProvider"]
2024-05-27 21:24:54.070 +07:00 [DBG] Hosting starting
2024-05-27 21:24:54.090 +07:00 [INF] Now listening on: http://localhost:5245
2024-05-27 21:24:54.090 +07:00 [DBG] Loaded hosting startup assembly BaseDotnet
2024-05-27 21:24:54.090 +07:00 [INF] Application started. Press Ctrl+C to shut down.
2024-05-27 21:24:54.090 +07:00 [INF] Hosting environment: Development
2024-05-27 21:24:54.091 +07:00 [INF] Content root path: /Users/reihanrenaldi/Documents/ReihanSigma/projects/DOTNET/BaseDotnet
2024-05-27 21:24:54.091 +07:00 [DBG] Hosting started
2024-05-27 21:24:57.462 +07:00 [DBG] Connection id "0HN3UB34GCJQ9" accepted.
2024-05-27 21:24:57.463 +07:00 [DBG] Connection id "0HN3UB34GCJQ9" started.
2024-05-27 21:24:57.478 +07:00 [INF] Request starting HTTP/1.1 GET http://localhost:5245/swagger/index.html - null null
2024-05-27 21:24:57.481 +07:00 [DBG] Wildcard detected, all requests with hosts will be allowed.
2024-05-27 21:24:57.489 +07:00 [DBG] No candidates found for the request path '/swagger/index.html'
2024-05-27 21:24:57.491 +07:00 [DBG] Request did not match any endpoints
2024-05-27 21:24:57.529 +07:00 [DBG] Connection id "0HN3UB34GCJQ9" completed keep alive response.
2024-05-27 21:24:57.530 +07:00 [INF] Request finished HTTP/1.1 GET http://localhost:5245/swagger/index.html - 200 null text/html;charset=utf-8 52.2411ms
2024-05-27 21:24:57.647 +07:00 [INF] Request starting HTTP/1.1 GET http://localhost:5245/swagger/v1/swagger.json - null null
2024-05-27 21:24:57.648 +07:00 [DBG] No candidates found for the request path '/swagger/v1/swagger.json'
2024-05-27 21:24:57.648 +07:00 [DBG] Request did not match any endpoints
2024-05-27 21:24:57.699 +07:00 [DBG] Connection id "0HN3UB34GCJQ9" completed keep alive response.
2024-05-27 21:24:57.699 +07:00 [INF] Request finished HTTP/1.1 GET http://localhost:5245/swagger/v1/swagger.json - 200 null application/json;charset=utf-8 52.4466ms
2024-05-27 21:25:28.430 +07:00 [DBG] Connection id "0HN3UB34GCJQ9" received FIN.
2024-05-27 21:25:28.433 +07:00 [DBG] Connection id "0HN3UB34GCJQ9" sending FIN because: "The Socket transport's send loop completed gracefully."
2024-05-27 21:25:28.440 +07:00 [DBG] Connection id "0HN3UB34GCJQ9" disconnecting.
2024-05-27 21:25:28.441 +07:00 [DBG] Connection id "0HN3UB34GCJQ9" stopped.
2024-05-27 21:25:39.799 +07:00 [DBG] Connection id "0HN3UB34GCJQA" accepted.
2024-05-27 21:25:39.799 +07:00 [DBG] Connection id "0HN3UB34GCJQA" started.
2024-05-27 21:25:39.800 +07:00 [INF] Request starting HTTP/1.1 POST http://localhost:5245/User - application/json 239
2024-05-27 21:25:39.805 +07:00 [DBG] 1 candidate(s) found for the request path '/User'
2024-05-27 21:25:39.808 +07:00 [DBG] Endpoint 'BaseDotnet.Controllers.UserController.Create (BaseDotnet)' with route pattern 'User' is valid for the request path '/User'
2024-05-27 21:25:39.809 +07:00 [DBG] Request matched endpoint 'BaseDotnet.Controllers.UserController.Create (BaseDotnet)'
2024-05-27 21:25:39.811 +07:00 [DBG] Static files was skipped as the request already matched an endpoint.
2024-05-27 21:25:39.812 +07:00 [WRN] Failed to determine the https port for redirect.
2024-05-27 21:25:39.815 +07:00 [DBG] The request has an origin header: 'http://localhost:5245'.
2024-05-27 21:25:39.815 +07:00 [INF] CORS policy execution successful.
2024-05-27 21:25:39.874 +07:00 [DBG] An 'IServiceProvider' was created for internal use by Entity Framework.
2024-05-27 21:25:39.884 +07:00 [INF] [null]
2024-05-27 21:25:39.884 +07:00 [INF] Executing endpoint 'BaseDotnet.Controllers.UserController.Create (BaseDotnet)'
2024-05-27 21:25:39.892 +07:00 [INF] Route matched with {action = "Create", controller = "User"}. Executing controller action with signature System.Threading.Tasks.Task`1[Microsoft.AspNetCore.Mvc.IActionResult] Create(BaseDotnet.Entities.User) on controller BaseDotnet.Controllers.UserController (BaseDotnet).
2024-05-27 21:25:39.893 +07:00 [DBG] Execution plan of authorization filters (in the following order): ["BaseDotnet.Helpers.AuthorizeAttribute"]
2024-05-27 21:25:39.893 +07:00 [DBG] Execution plan of resource filters (in the following order): ["None"]
2024-05-27 21:25:39.893 +07:00 [DBG] Execution plan of action filters (in the following order): ["Microsoft.AspNetCore.Mvc.ModelBinding.UnsupportedContentTypeFilter (Order: -3000)","Microsoft.AspNetCore.Mvc.Infrastructure.ModelStateInvalidFilter (Order: -2000)"]
2024-05-27 21:25:39.893 +07:00 [DBG] Execution plan of exception filters (in the following order): ["None"]
2024-05-27 21:25:39.893 +07:00 [DBG] Execution plan of result filters (in the following order): ["Microsoft.AspNetCore.Mvc.Infrastructure.ClientErrorResultFilter (Order: -2000)"]
2024-05-27 21:25:39.894 +07:00 [INF] Authorization failed for the request at filter 'BaseDotnet.Helpers.AuthorizeAttribute'.
2024-05-27 21:25:39.895 +07:00 [INF] Executing JsonResult, writing value of type '<>f__AnonymousType2`1[[System.String, System.Private.CoreLib, Version=8.0.0.0, Culture=neutral, PublicKeyToken=7cec85d7bea7798e]]'.
2024-05-27 21:25:39.898 +07:00 [INF] Executed action BaseDotnet.Controllers.UserController.Create (BaseDotnet) in 3.2768ms
2024-05-27 21:25:39.898 +07:00 [INF] Executed endpoint 'BaseDotnet.Controllers.UserController.Create (BaseDotnet)'
2024-05-27 21:25:39.898 +07:00 [DBG] Connection id "0HN3UB34GCJQA" completed keep alive response.
2024-05-27 21:25:39.899 +07:00 [INF] Request finished HTTP/1.1 POST http://localhost:5245/User - 401 null application/json; charset=utf-8 98.2822ms
2024-05-27 21:25:39.899 +07:00 [DBG] Connection id "0HN3UB34GCJQA", Request id "0HN3UB34GCJQA:00000001": started reading request body.
2024-05-27 21:25:39.899 +07:00 [DBG] Connection id "0HN3UB34GCJQA", Request id "0HN3UB34GCJQA:00000001": done reading request body.
2024-05-27 21:26:09.912 +07:00 [DBG] Connection id "0HN3UB34GCJQA" received FIN.
2024-05-27 21:26:09.913 +07:00 [DBG] Connection id "0HN3UB34GCJQA" sending FIN because: "The Socket transport's send loop completed gracefully."
2024-05-27 21:26:09.913 +07:00 [DBG] Connection id "0HN3UB34GCJQA" disconnecting.
2024-05-27 21:26:09.914 +07:00 [DBG] Connection id "0HN3UB34GCJQA" stopped.
