2025-07-28 20:40:05.996 +07:00 [DBG] Registered model binder providers, in the following order: ["Microsoft.AspNetCore.Mvc.ModelBinding.Binders.BinderTypeModelBinderProvider","Microsoft.AspNetCore.Mvc.ModelBinding.Binders.ServicesModelBinderProvider","Microsoft.AspNetCore.Mvc.ModelBinding.Binders.BodyModelBinderProvider","Microsoft.AspNetCore.Mvc.ModelBinding.Binders.HeaderModelBinderProvider","Microsoft.AspNetCore.Mvc.ModelBinding.Binders.FloatingPointTypeModelBinderProvider","Microsoft.AspNetCore.Mvc.ModelBinding.Binders.EnumTypeModelBinderProvider","Microsoft.AspNetCore.Mvc.ModelBinding.Binders.DateTimeModelBinderProvider","Microsoft.AspNetCore.Mvc.ModelBinding.Binders.SimpleTypeModelBinderProvider","Microsoft.AspNetCore.Mvc.ModelBinding.Binders.TryParseModelBinderProvider","Microsoft.AspNetCore.Mvc.ModelBinding.Binders.CancellationTokenModelBinderProvider","Microsoft.AspNetCore.Mvc.ModelBinding.Binders.ByteArrayModelBinderProvider","Microsoft.AspNetCore.Mvc.ModelBinding.Binders.FormFileModelBinderProvider","Microsoft.AspNetCore.Mvc.ModelBinding.Binders.FormCollectionModelBinderProvider","Microsoft.AspNetCore.Mvc.ModelBinding.Binders.KeyValuePairModelBinderProvider","Microsoft.AspNetCore.Mvc.ModelBinding.Binders.DictionaryModelBinderProvider","Microsoft.AspNetCore.Mvc.ModelBinding.Binders.ArrayModelBinderProvider","Microsoft.AspNetCore.Mvc.ModelBinding.Binders.CollectionModelBinderProvider","Microsoft.AspNetCore.Mvc.ModelBinding.Binders.ComplexObjectModelBinderProvider"]
2025-07-28 20:40:06.059 +07:00 [DBG] Hosting starting
2025-07-28 20:40:06.084 +07:00 [INF] Now listening on: http://localhost:5245
2025-07-28 20:40:06.085 +07:00 [DBG] Loaded hosting startup assembly BaseDotnet
2025-07-28 20:40:06.086 +07:00 [INF] Application started. Press Ctrl+C to shut down.
2025-07-28 20:40:06.086 +07:00 [INF] Hosting environment: Development
2025-07-28 20:40:06.086 +07:00 [INF] Content root path: /Users/reihanrenaldi/Documents/ReihanSigma/projects/BaseDotnet
2025-07-28 20:40:06.086 +07:00 [DBG] Hosting started
2025-07-28 20:40:26.931 +07:00 [INF] Application is shutting down...
2025-07-28 20:40:26.933 +07:00 [DBG] Hosting stopping
2025-07-28 20:40:26.947 +07:00 [DBG] Hosting stopped
2025-07-28 20:49:40.326 +07:00 [DBG] Registered model binder providers, in the following order: ["Microsoft.AspNetCore.Mvc.ModelBinding.Binders.BinderTypeModelBinderProvider","Microsoft.AspNetCore.Mvc.ModelBinding.Binders.ServicesModelBinderProvider","Microsoft.AspNetCore.Mvc.ModelBinding.Binders.BodyModelBinderProvider","Microsoft.AspNetCore.Mvc.ModelBinding.Binders.HeaderModelBinderProvider","Microsoft.AspNetCore.Mvc.ModelBinding.Binders.FloatingPointTypeModelBinderProvider","Microsoft.AspNetCore.Mvc.ModelBinding.Binders.EnumTypeModelBinderProvider","Microsoft.AspNetCore.Mvc.ModelBinding.Binders.DateTimeModelBinderProvider","Microsoft.AspNetCore.Mvc.ModelBinding.Binders.SimpleTypeModelBinderProvider","Microsoft.AspNetCore.Mvc.ModelBinding.Binders.TryParseModelBinderProvider","Microsoft.AspNetCore.Mvc.ModelBinding.Binders.CancellationTokenModelBinderProvider","Microsoft.AspNetCore.Mvc.ModelBinding.Binders.ByteArrayModelBinderProvider","Microsoft.AspNetCore.Mvc.ModelBinding.Binders.FormFileModelBinderProvider","Microsoft.AspNetCore.Mvc.ModelBinding.Binders.FormCollectionModelBinderProvider","Microsoft.AspNetCore.Mvc.ModelBinding.Binders.KeyValuePairModelBinderProvider","Microsoft.AspNetCore.Mvc.ModelBinding.Binders.DictionaryModelBinderProvider","Microsoft.AspNetCore.Mvc.ModelBinding.Binders.ArrayModelBinderProvider","Microsoft.AspNetCore.Mvc.ModelBinding.Binders.CollectionModelBinderProvider","Microsoft.AspNetCore.Mvc.ModelBinding.Binders.ComplexObjectModelBinderProvider"]
2025-07-28 20:49:40.381 +07:00 [DBG] Hosting starting
2025-07-28 20:49:40.400 +07:00 [INF] Now listening on: http://localhost:5245
2025-07-28 20:49:40.401 +07:00 [DBG] Loaded hosting startup assembly bestie-productive-backend
2025-07-28 20:49:40.401 +07:00 [INF] Application started. Press Ctrl+C to shut down.
2025-07-28 20:49:40.401 +07:00 [INF] Hosting environment: Development
2025-07-28 20:49:40.401 +07:00 [INF] Content root path: /Users/reihanrenaldi/Documents/ReihanSigma/projects/bestie-productive-backend
2025-07-28 20:49:40.401 +07:00 [DBG] Hosting started
2025-07-28 20:50:30.347 +07:00 [INF] Application is shutting down...
2025-07-28 20:50:30.350 +07:00 [DBG] Hosting stopping
2025-07-28 20:50:30.363 +07:00 [DBG] Hosting stopped
2025-07-28 20:50:56.316 +07:00 [DBG] Registered model binder providers, in the following order: ["Microsoft.AspNetCore.Mvc.ModelBinding.Binders.BinderTypeModelBinderProvider","Microsoft.AspNetCore.Mvc.ModelBinding.Binders.ServicesModelBinderProvider","Microsoft.AspNetCore.Mvc.ModelBinding.Binders.BodyModelBinderProvider","Microsoft.AspNetCore.Mvc.ModelBinding.Binders.HeaderModelBinderProvider","Microsoft.AspNetCore.Mvc.ModelBinding.Binders.FloatingPointTypeModelBinderProvider","Microsoft.AspNetCore.Mvc.ModelBinding.Binders.EnumTypeModelBinderProvider","Microsoft.AspNetCore.Mvc.ModelBinding.Binders.DateTimeModelBinderProvider","Microsoft.AspNetCore.Mvc.ModelBinding.Binders.SimpleTypeModelBinderProvider","Microsoft.AspNetCore.Mvc.ModelBinding.Binders.TryParseModelBinderProvider","Microsoft.AspNetCore.Mvc.ModelBinding.Binders.CancellationTokenModelBinderProvider","Microsoft.AspNetCore.Mvc.ModelBinding.Binders.ByteArrayModelBinderProvider","Microsoft.AspNetCore.Mvc.ModelBinding.Binders.FormFileModelBinderProvider","Microsoft.AspNetCore.Mvc.ModelBinding.Binders.FormCollectionModelBinderProvider","Microsoft.AspNetCore.Mvc.ModelBinding.Binders.KeyValuePairModelBinderProvider","Microsoft.AspNetCore.Mvc.ModelBinding.Binders.DictionaryModelBinderProvider","Microsoft.AspNetCore.Mvc.ModelBinding.Binders.ArrayModelBinderProvider","Microsoft.AspNetCore.Mvc.ModelBinding.Binders.CollectionModelBinderProvider","Microsoft.AspNetCore.Mvc.ModelBinding.Binders.ComplexObjectModelBinderProvider"]
2025-07-28 20:50:56.374 +07:00 [DBG] Hosting starting
2025-07-28 20:50:56.393 +07:00 [INF] Now listening on: http://localhost:5245
2025-07-28 20:50:56.393 +07:00 [DBG] Loaded hosting startup assembly bestie-productive-backend
2025-07-28 20:50:56.394 +07:00 [INF] Application started. Press Ctrl+C to shut down.
2025-07-28 20:50:56.394 +07:00 [INF] Hosting environment: Development
2025-07-28 20:50:56.394 +07:00 [INF] Content root path: /Users/reihanrenaldi/Documents/ReihanSigma/projects/bestie-productive-backend
2025-07-28 20:50:56.394 +07:00 [DBG] Hosting started
2025-07-28 20:51:32.401 +07:00 [INF] Application is shutting down...
2025-07-28 20:51:32.403 +07:00 [DBG] Hosting stopping
2025-07-28 20:51:32.415 +07:00 [DBG] Hosting stopped
2025-07-28 20:52:12.003 +07:00 [DBG] Registered model binder providers, in the following order: ["Microsoft.AspNetCore.Mvc.ModelBinding.Binders.BinderTypeModelBinderProvider","Microsoft.AspNetCore.Mvc.ModelBinding.Binders.ServicesModelBinderProvider","Microsoft.AspNetCore.Mvc.ModelBinding.Binders.BodyModelBinderProvider","Microsoft.AspNetCore.Mvc.ModelBinding.Binders.HeaderModelBinderProvider","Microsoft.AspNetCore.Mvc.ModelBinding.Binders.FloatingPointTypeModelBinderProvider","Microsoft.AspNetCore.Mvc.ModelBinding.Binders.EnumTypeModelBinderProvider","Microsoft.AspNetCore.Mvc.ModelBinding.Binders.DateTimeModelBinderProvider","Microsoft.AspNetCore.Mvc.ModelBinding.Binders.SimpleTypeModelBinderProvider","Microsoft.AspNetCore.Mvc.ModelBinding.Binders.TryParseModelBinderProvider","Microsoft.AspNetCore.Mvc.ModelBinding.Binders.CancellationTokenModelBinderProvider","Microsoft.AspNetCore.Mvc.ModelBinding.Binders.ByteArrayModelBinderProvider","Microsoft.AspNetCore.Mvc.ModelBinding.Binders.FormFileModelBinderProvider","Microsoft.AspNetCore.Mvc.ModelBinding.Binders.FormCollectionModelBinderProvider","Microsoft.AspNetCore.Mvc.ModelBinding.Binders.KeyValuePairModelBinderProvider","Microsoft.AspNetCore.Mvc.ModelBinding.Binders.DictionaryModelBinderProvider","Microsoft.AspNetCore.Mvc.ModelBinding.Binders.ArrayModelBinderProvider","Microsoft.AspNetCore.Mvc.ModelBinding.Binders.CollectionModelBinderProvider","Microsoft.AspNetCore.Mvc.ModelBinding.Binders.ComplexObjectModelBinderProvider"]
2025-07-28 20:52:12.061 +07:00 [DBG] Hosting starting
2025-07-28 20:52:12.082 +07:00 [INF] Now listening on: http://localhost:5245
2025-07-28 20:52:12.082 +07:00 [DBG] Loaded hosting startup assembly bestie-productive-backend
2025-07-28 20:52:12.082 +07:00 [INF] Application started. Press Ctrl+C to shut down.
2025-07-28 20:52:12.083 +07:00 [INF] Hosting environment: Development
2025-07-28 20:52:12.083 +07:00 [INF] Content root path: /Users/reihanrenaldi/Documents/ReihanSigma/projects/bestie-productive-backend
2025-07-28 20:52:12.083 +07:00 [DBG] Hosting started
2025-07-28 20:52:13.966 +07:00 [INF] Application is shutting down...
2025-07-28 20:52:13.967 +07:00 [DBG] Hosting stopping
2025-07-28 20:52:13.971 +07:00 [DBG] Hosting stopped
2025-07-28 20:52:20.579 +07:00 [DBG] Registered model binder providers, in the following order: ["Microsoft.AspNetCore.Mvc.ModelBinding.Binders.BinderTypeModelBinderProvider","Microsoft.AspNetCore.Mvc.ModelBinding.Binders.ServicesModelBinderProvider","Microsoft.AspNetCore.Mvc.ModelBinding.Binders.BodyModelBinderProvider","Microsoft.AspNetCore.Mvc.ModelBinding.Binders.HeaderModelBinderProvider","Microsoft.AspNetCore.Mvc.ModelBinding.Binders.FloatingPointTypeModelBinderProvider","Microsoft.AspNetCore.Mvc.ModelBinding.Binders.EnumTypeModelBinderProvider","Microsoft.AspNetCore.Mvc.ModelBinding.Binders.DateTimeModelBinderProvider","Microsoft.AspNetCore.Mvc.ModelBinding.Binders.SimpleTypeModelBinderProvider","Microsoft.AspNetCore.Mvc.ModelBinding.Binders.TryParseModelBinderProvider","Microsoft.AspNetCore.Mvc.ModelBinding.Binders.CancellationTokenModelBinderProvider","Microsoft.AspNetCore.Mvc.ModelBinding.Binders.ByteArrayModelBinderProvider","Microsoft.AspNetCore.Mvc.ModelBinding.Binders.FormFileModelBinderProvider","Microsoft.AspNetCore.Mvc.ModelBinding.Binders.FormCollectionModelBinderProvider","Microsoft.AspNetCore.Mvc.ModelBinding.Binders.KeyValuePairModelBinderProvider","Microsoft.AspNetCore.Mvc.ModelBinding.Binders.DictionaryModelBinderProvider","Microsoft.AspNetCore.Mvc.ModelBinding.Binders.ArrayModelBinderProvider","Microsoft.AspNetCore.Mvc.ModelBinding.Binders.CollectionModelBinderProvider","Microsoft.AspNetCore.Mvc.ModelBinding.Binders.ComplexObjectModelBinderProvider"]
2025-07-28 20:52:20.630 +07:00 [DBG] Hosting starting
2025-07-28 20:52:20.650 +07:00 [INF] Now listening on: http://localhost:5245
2025-07-28 20:52:20.650 +07:00 [DBG] Loaded hosting startup assembly bestie-productive-backend
2025-07-28 20:52:20.651 +07:00 [INF] Application started. Press Ctrl+C to shut down.
2025-07-28 20:52:20.651 +07:00 [INF] Hosting environment: Development
2025-07-28 20:52:20.651 +07:00 [INF] Content root path: /Users/reihanrenaldi/Documents/ReihanSigma/projects/bestie-productive-backend
2025-07-28 20:52:20.651 +07:00 [DBG] Hosting started
2025-07-28 20:52:22.106 +07:00 [DBG] Connection id "0HNEDRNSURLJF" accepted.
2025-07-28 20:52:22.107 +07:00 [DBG] Connection id "0HNEDRNSURLJF" started.
2025-07-28 20:52:22.107 +07:00 [DBG] Connection id "0HNEDRNSURLJG" accepted.
2025-07-28 20:52:22.108 +07:00 [DBG] Connection id "0HNEDRNSURLJG" started.
2025-07-28 20:52:22.129 +07:00 [INF] Request starting HTTP/1.1 GET http://localhost:5245/ - null null
2025-07-28 20:52:22.132 +07:00 [DBG] Wildcard detected, all requests with hosts will be allowed.
2025-07-28 20:52:22.141 +07:00 [DBG] No candidates found for the request path '/'
2025-07-28 20:52:22.142 +07:00 [DBG] Request did not match any endpoints
2025-07-28 20:52:22.162 +07:00 [DBG] The request path  does not match the path filter
2025-07-28 20:52:22.163 +07:00 [WRN] Failed to determine the https port for redirect.
2025-07-28 20:52:22.237 +07:00 [DBG] An 'IServiceProvider' was created for internal use by Entity Framework.
2025-07-28 20:52:22.250 +07:00 [INF] [null]
2025-07-28 20:52:22.254 +07:00 [DBG] Connection id "0HNEDRNSURLJF" completed keep alive response.
2025-07-28 20:52:22.257 +07:00 [INF] Request finished HTTP/1.1 GET http://localhost:5245/ - 404 0 null 128.3531ms
2025-07-28 20:52:22.287 +07:00 [INF] Request reached the end of the middleware pipeline without being handled by application code. Request path: GET http://localhost:5245/, Response status code: 404
2025-07-28 20:52:53.842 +07:00 [INF] Application is shutting down...
2025-07-28 20:52:53.844 +07:00 [DBG] Hosting stopping
2025-07-28 20:52:53.856 +07:00 [DBG] Connection id "0HNEDRNSURLJF" disconnecting.
2025-07-28 20:52:53.856 +07:00 [DBG] Connection id "0HNEDRNSURLJG" disconnecting.
2025-07-28 20:52:53.857 +07:00 [DBG] Connection id "0HNEDRNSURLJF" stopped.
2025-07-28 20:52:53.857 +07:00 [DBG] Connection id "0HNEDRNSURLJG" stopped.
2025-07-28 20:52:53.861 +07:00 [DBG] Connection id "0HNEDRNSURLJF" sending FIN because: "The Socket transport's send loop completed gracefully."
2025-07-28 20:52:53.861 +07:00 [DBG] Connection id "0HNEDRNSURLJG" sending FIN because: "The Socket transport's send loop completed gracefully."
2025-07-28 20:52:53.865 +07:00 [DBG] Hosting stopped
2025-07-28 20:52:59.942 +07:00 [DBG] Registered model binder providers, in the following order: ["Microsoft.AspNetCore.Mvc.ModelBinding.Binders.BinderTypeModelBinderProvider","Microsoft.AspNetCore.Mvc.ModelBinding.Binders.ServicesModelBinderProvider","Microsoft.AspNetCore.Mvc.ModelBinding.Binders.BodyModelBinderProvider","Microsoft.AspNetCore.Mvc.ModelBinding.Binders.HeaderModelBinderProvider","Microsoft.AspNetCore.Mvc.ModelBinding.Binders.FloatingPointTypeModelBinderProvider","Microsoft.AspNetCore.Mvc.ModelBinding.Binders.EnumTypeModelBinderProvider","Microsoft.AspNetCore.Mvc.ModelBinding.Binders.DateTimeModelBinderProvider","Microsoft.AspNetCore.Mvc.ModelBinding.Binders.SimpleTypeModelBinderProvider","Microsoft.AspNetCore.Mvc.ModelBinding.Binders.TryParseModelBinderProvider","Microsoft.AspNetCore.Mvc.ModelBinding.Binders.CancellationTokenModelBinderProvider","Microsoft.AspNetCore.Mvc.ModelBinding.Binders.ByteArrayModelBinderProvider","Microsoft.AspNetCore.Mvc.ModelBinding.Binders.FormFileModelBinderProvider","Microsoft.AspNetCore.Mvc.ModelBinding.Binders.FormCollectionModelBinderProvider","Microsoft.AspNetCore.Mvc.ModelBinding.Binders.KeyValuePairModelBinderProvider","Microsoft.AspNetCore.Mvc.ModelBinding.Binders.DictionaryModelBinderProvider","Microsoft.AspNetCore.Mvc.ModelBinding.Binders.ArrayModelBinderProvider","Microsoft.AspNetCore.Mvc.ModelBinding.Binders.CollectionModelBinderProvider","Microsoft.AspNetCore.Mvc.ModelBinding.Binders.ComplexObjectModelBinderProvider"]
2025-07-28 20:52:59.989 +07:00 [DBG] Hosting starting
2025-07-28 20:53:00.005 +07:00 [INF] Now listening on: http://localhost:5245
2025-07-28 20:53:00.005 +07:00 [DBG] Loaded hosting startup assembly bestie-productive-backend
2025-07-28 20:53:00.005 +07:00 [INF] Application started. Press Ctrl+C to shut down.
2025-07-28 20:53:00.005 +07:00 [INF] Hosting environment: Development
2025-07-28 20:53:00.006 +07:00 [INF] Content root path: /Users/reihanrenaldi/Documents/ReihanSigma/projects/bestie-productive-backend
2025-07-28 20:53:00.006 +07:00 [DBG] Hosting started
2025-07-28 20:53:06.787 +07:00 [DBG] Connection id "0HNEDROA8VC51" accepted.
2025-07-28 20:53:06.788 +07:00 [DBG] Connection id "0HNEDROA8VC52" accepted.
2025-07-28 20:53:06.788 +07:00 [DBG] Connection id "0HNEDROA8VC52" started.
2025-07-28 20:53:06.788 +07:00 [DBG] Connection id "0HNEDROA8VC51" started.
2025-07-28 20:53:06.806 +07:00 [INF] Request starting HTTP/1.1 GET http://localhost:5245/ - null null
2025-07-28 20:53:06.808 +07:00 [DBG] Wildcard detected, all requests with hosts will be allowed.
2025-07-28 20:53:06.817 +07:00 [DBG] No candidates found for the request path '/'
2025-07-28 20:53:06.818 +07:00 [DBG] Request did not match any endpoints
2025-07-28 20:53:06.827 +07:00 [DBG] The request path  does not match the path filter
2025-07-28 20:53:06.827 +07:00 [WRN] Failed to determine the https port for redirect.
2025-07-28 20:53:06.864 +07:00 [DBG] An 'IServiceProvider' was created for internal use by Entity Framework.
2025-07-28 20:53:06.872 +07:00 [INF] [null]
2025-07-28 20:53:06.873 +07:00 [DBG] Connection id "0HNEDROA8VC51" completed keep alive response.
2025-07-28 20:53:06.875 +07:00 [INF] Request finished HTTP/1.1 GET http://localhost:5245/ - 404 0 null 69.8703ms
2025-07-28 20:53:06.881 +07:00 [INF] Request reached the end of the middleware pipeline without being handled by application code. Request path: GET http://localhost:5245/, Response status code: 404
2025-07-28 20:54:18.624 +07:00 [DBG] Connection id "0HNEDROA8VC52" received FIN.
2025-07-28 20:54:18.629 +07:00 [DBG] Connection id "0HNEDROA8VC52" sending FIN because: "The Socket transport's send loop completed gracefully."
2025-07-28 20:54:18.636 +07:00 [DBG] Connection id "0HNEDROA8VC52" disconnecting.
2025-07-28 20:54:18.638 +07:00 [DBG] Connection id "0HNEDROA8VC52" stopped.
2025-07-28 20:54:26.313 +07:00 [INF] Request starting HTTP/1.1 GET http://localhost:5245/swagger/index.html - null null
2025-07-28 20:54:26.313 +07:00 [DBG] Connection id "0HNEDROA8VC53" accepted.
2025-07-28 20:54:26.314 +07:00 [DBG] Connection id "0HNEDROA8VC53" started.
2025-07-28 20:54:26.315 +07:00 [DBG] No candidates found for the request path '/swagger/index.html'
2025-07-28 20:54:26.316 +07:00 [DBG] Request did not match any endpoints
2025-07-28 20:54:26.368 +07:00 [DBG] Connection id "0HNEDROA8VC51" completed keep alive response.
2025-07-28 20:54:26.368 +07:00 [INF] Request finished HTTP/1.1 GET http://localhost:5245/swagger/index.html - 200 null text/html;charset=utf-8 55.3443ms
2025-07-28 20:54:26.389 +07:00 [INF] Request starting HTTP/1.1 GET http://localhost:5245/swagger/swagger-ui.css - null null
2025-07-28 20:54:26.393 +07:00 [DBG] No candidates found for the request path '/swagger/swagger-ui.css'
2025-07-28 20:54:26.393 +07:00 [DBG] Request did not match any endpoints
2025-07-28 20:54:26.402 +07:00 [DBG] Connection id "0HNEDROA8VC54" accepted.
2025-07-28 20:54:26.403 +07:00 [INF] Request starting HTTP/1.1 GET http://localhost:5245/swagger/swagger-ui-bundle.js - null null
2025-07-28 20:54:26.403 +07:00 [DBG] No candidates found for the request path '/swagger/swagger-ui-bundle.js'
2025-07-28 20:54:26.403 +07:00 [DBG] Request did not match any endpoints
2025-07-28 20:54:26.403 +07:00 [DBG] Connection id "0HNEDROA8VC54" started.
2025-07-28 20:54:26.404 +07:00 [INF] Request starting HTTP/1.1 GET http://localhost:5245/swagger/swagger-ui-standalone-preset.js - null null
2025-07-28 20:54:26.404 +07:00 [DBG] No candidates found for the request path '/swagger/swagger-ui-standalone-preset.js'
2025-07-28 20:54:26.404 +07:00 [DBG] Request did not match any endpoints
2025-07-28 20:54:26.428 +07:00 [INF] Sending file. Request path: '/swagger-ui.css'. Physical path: 'N/A'
2025-07-28 20:54:26.431 +07:00 [DBG] Connection id "0HNEDROA8VC51" completed keep alive response.
2025-07-28 20:54:26.432 +07:00 [INF] Request finished HTTP/1.1 GET http://localhost:5245/swagger/swagger-ui.css - 200 143943 text/css 42.9412ms
2025-07-28 20:54:26.433 +07:00 [INF] Sending file. Request path: '/swagger-ui-standalone-preset.js'. Physical path: 'N/A'
2025-07-28 20:54:26.434 +07:00 [DBG] Connection id "0HNEDROA8VC54" completed keep alive response.
2025-07-28 20:54:26.435 +07:00 [INF] Request finished HTTP/1.1 GET http://localhost:5245/swagger/swagger-ui-standalone-preset.js - 200 339486 text/javascript 30.8912ms
2025-07-28 20:54:26.439 +07:00 [INF] Sending file. Request path: '/swagger-ui-bundle.js'. Physical path: 'N/A'
2025-07-28 20:54:26.439 +07:00 [DBG] Connection id "0HNEDROA8VC53" completed keep alive response.
2025-07-28 20:54:26.439 +07:00 [INF] Request finished HTTP/1.1 GET http://localhost:5245/swagger/swagger-ui-bundle.js - 200 1096145 text/javascript 35.8502ms
2025-07-28 20:54:26.530 +07:00 [INF] Request starting HTTP/1.1 GET http://localhost:5245/swagger/v1/swagger.json - null null
2025-07-28 20:54:26.530 +07:00 [DBG] No candidates found for the request path '/swagger/v1/swagger.json'
2025-07-28 20:54:26.530 +07:00 [DBG] Request did not match any endpoints
2025-07-28 20:54:26.541 +07:00 [INF] Request starting HTTP/1.1 GET http://localhost:5245/swagger/favicon-32x32.png - null null
2025-07-28 20:54:26.542 +07:00 [DBG] No candidates found for the request path '/swagger/favicon-32x32.png'
2025-07-28 20:54:26.542 +07:00 [DBG] Request did not match any endpoints
2025-07-28 20:54:26.542 +07:00 [INF] Sending file. Request path: '/favicon-32x32.png'. Physical path: 'N/A'
2025-07-28 20:54:26.543 +07:00 [DBG] Connection id "0HNEDROA8VC54" completed keep alive response.
2025-07-28 20:54:26.543 +07:00 [INF] Request finished HTTP/1.1 GET http://localhost:5245/swagger/favicon-32x32.png - 200 628 image/png 1.2203ms
2025-07-28 20:54:26.597 +07:00 [DBG] Connection id "0HNEDROA8VC53" completed keep alive response.
2025-07-28 20:54:26.597 +07:00 [INF] Request finished HTTP/1.1 GET http://localhost:5245/swagger/v1/swagger.json - 200 null application/json;charset=utf-8 67.6522ms
2025-07-28 20:54:55.617 +07:00 [DBG] Connection id "0HNEDROA8VC53" received FIN.
2025-07-28 20:54:55.618 +07:00 [DBG] Connection id "0HNEDROA8VC51" received FIN.
2025-07-28 20:54:55.618 +07:00 [DBG] Connection id "0HNEDROA8VC53" disconnecting.
2025-07-28 20:54:55.619 +07:00 [DBG] Connection id "0HNEDROA8VC53" stopped.
2025-07-28 20:54:55.617 +07:00 [DBG] Connection id "0HNEDROA8VC54" received FIN.
2025-07-28 20:54:55.620 +07:00 [DBG] Connection id "0HNEDROA8VC51" disconnecting.
2025-07-28 20:54:55.620 +07:00 [DBG] Connection id "0HNEDROA8VC51" stopped.
2025-07-28 20:54:55.620 +07:00 [DBG] Connection id "0HNEDROA8VC53" sending FIN because: "The Socket transport's send loop completed gracefully."
2025-07-28 20:54:55.620 +07:00 [DBG] Connection id "0HNEDROA8VC54" disconnecting.
2025-07-28 20:54:55.620 +07:00 [DBG] Connection id "0HNEDROA8VC54" stopped.
2025-07-28 20:54:55.620 +07:00 [DBG] Connection id "0HNEDROA8VC51" sending FIN because: "The Socket transport's send loop completed gracefully."
2025-07-28 20:54:55.620 +07:00 [DBG] Connection id "0HNEDROA8VC54" sending FIN because: "The Socket transport's send loop completed gracefully."
